Query:	SELECT t1.tid as id1, t2.tid as id2 FROM t t1 JOIN t t2 ON t1.co_ncm = t2.co_ncm AND t1.co_unid < t2.co_unid AND t1.co_via > t2.co_via AND t1.tid <> t2.tid LIMIT 1;

Explain:
('Limit  (cost=0.00..53.07 rows=1 width=16)',)
('  ->  Nested Loop  (cost=0.00..2100408425259.73 rows=39578015894 width=16)',)
('        Join Filter: ((t1.co_unid < t2.co_unid) AND (t1.co_via > t2.co_via) AND (t1.tid <> t2.tid) AND (t1.co_ncm = t2.co_ncm))',)
('        ->  Seq Scan on t t1  (cost=0.00..238462.85 rows=8461585 width=32)',)
('        ->  Materialize  (cost=0.00..338613.78 rows=8461585 width=32)',)
('              ->  Seq Scan on t t2  (cost=0.00..238462.85 rows=8461585 width=32)',)